{"/Users/devtab/Funny/TDD/cash.js":{"path":"/Users/devtab/Funny/TDD/cash.js","s":{"1":1,"2":1,"3":1,"4":4,"5":4,"6":4,"7":4,"8":4,"9":48,"10":9,"11":9,"12":9,"13":9,"14":25,"15":7,"16":7,"17":7,"18":4,"19":1},"b":{"1":[9,39],"2":[34,32],"3":[7,18]},"f":{"1":4},"fnMap":{"1":{"name":"(anonymous_1)","line":3,"loc":{"start":{"line":3,"column":14},"end":{"line":3,"column":46}}}},"statementMap":{"1":{"start":{"line":1,"column":0},"end":{"line":1,"column":11}},"2":{"start":{"line":2,"column":0},"end":{"line":2,"column":65}},"3":{"start":{"line":3,"column":0},"end":{"line":26,"column":2}},"4":{"start":{"line":5,"column":2},"end":{"line":5,"column":39}},"5":{"start":{"line":6,"column":2},"end":{"line":6,"column":22}},"6":{"start":{"line":7,"column":2},"end":{"line":7,"column":30}},"7":{"start":{"line":8,"column":2},"end":{"line":8,"column":22}},"8":{"start":{"line":10,"column":2},"end":{"line":23,"column":3}},"9":{"start":{"line":11,"column":4},"end":{"line":22,"column":5}},"10":{"start":{"line":12,"column":6},"end":{"line":12,"column":27}},"11":{"start":{"line":13,"column":6},"end":{"line":13,"column":34}},"12":{"start":{"line":14,"column":6},"end":{"line":14,"column":21}},"13":{"start":{"line":15,"column":6},"end":{"line":21,"column":7}},"14":{"start":{"line":16,"column":8},"end":{"line":20,"column":9}},"15":{"start":{"line":17,"column":10},"end":{"line":17,"column":26}},"16":{"start":{"line":18,"column":10},"end":{"line":18,"column":31}},"17":{"start":{"line":19,"column":10},"end":{"line":19,"column":38}},"18":{"start":{"line":25,"column":2},"end":{"line":25,"column":20}},"19":{"start":{"line":28,"column":0},"end":{"line":28,"column":19}}},"branchMap":{"1":{"line":11,"type":"if","locations":[{"start":{"line":11,"column":4},"end":{"line":11,"column":4}},{"start":{"line":11,"column":4},"end":{"line":11,"column":4}}]},"2":{"line":15,"type":"binary-expr","locations":[{"start":{"line":15,"column":22},"end":{"line":15,"column":32}},{"start":{"line":15,"column":36},"end":{"line":15,"column":43}}]},"3":{"line":16,"type":"if","locations":[{"start":{"line":16,"column":8},"end":{"line":16,"column":8}},{"start":{"line":16,"column":8},"end":{"line":16,"column":8}}]}}}}